<?xml version="1.0" encoding="utf-8" standalone="no"?>
<!--This file represents the results of running a test suite-->
<test-results name="C:\DEV\testprojects\RSS\RSSLib.Test\RSSLib.nunit" total="2" errors="0" failures="0" not-run="0" inconclusive="0" ignored="0" skipped="0" invalid="0" date="2010-03-26" time="16:12:45">
  <environment nunit-version="2.5.3.9345" clr-version="2.0.50727.3603" os-version="Microsoft Windows NT 5.1.2600 Service Pack 2" platform="Win32NT" cwd="C:\DEV\testprojects\RSS\RSSLib.Test\bin\Debug" machine-name="SP055690" user="egc593" user-domain="CORP" />
  <culture-info current-culture="nl-BE" current-uiculture="en-US" />
  <test-suite name="C:\DEV\testprojects\RSS\RSSLib.Test\RSSLib.nunit" executed="True" success="True" time="0.016" asserts="0">
    <results>
      <test-suite name="C:\DEV\testprojects\RSS\RSSLib.Test\bin\Debug\RSSLib.Test.dll" executed="True" success="True" time="0.016" asserts="0">
        <results>
          <test-suite name="RSSLib" executed="True" success="True" time="0.016" asserts="0">
            <results>
              <test-suite name="Test" executed="True" success="True" time="0.016" asserts="0">
                <results>
                  <test-suite name="RSSControllerTests" executed="True" success="True" time="0.016" asserts="0">
                    <results>
                      <test-case name="RSSLib.Test.RSSControllerTests.RssController_PathGuidCache_Empty" executed="True" success="True" time="0.000" asserts="1" />
                      <test-case name="RSSLib.Test.RSSControllerTests.RssController_PathSiteList_Empty" executed="True" success="True" time="0.000" asserts="1" />
                    </results>
                  </test-suite>
                </results>
              </test-suite>
            </results>
          </test-suite>
        </results>
      </test-suite>
    </results>
  </test-suite>
</test-results>